{"total": {"lines":{"total":641,"covered":0,"skipped":0,"pct":0},"statements":{"total":654,"covered":0,"skipped":0,"pct":0},"functions":{"total":208,"covered":0,"skipped":0,"pct":0},"branches":{"total":113,"covered":0,"skipped":0,"pct":0}}
,"/home/denner/Documentos/WebDevelopment/trybe-projects/project-recipes-app/sd-07-project-recipes-app/src/App.js": {"lines":{"total":3,"covered":0,"skipped":0,"pct":0},"functions":{"total":3,"covered":0,"skipped":0,"pct":0},"statements":{"total":3,"covered":0,"skipped":0,"pct":0},"branches":{"total":0,"covered":0,"skipped":0,"pct":100}}
,"/home/denner/Documentos/WebDevelopment/trybe-projects/project-recipes-app/sd-07-project-recipes-app/src/compareFile.js": {"lines":{"total":0,"covered":0,"skipped":0,"pct":100},"functions":{"total":0,"covered":0,"skipped":0,"pct":100},"statements":{"total":0,"covered":0,"skipped":0,"pct":100},"branches":{"total":0,"covered":0,"skipped":0,"pct":100}}
,"/home/denner/Documentos/WebDevelopment/trybe-projects/project-recipes-app/sd-07-project-recipes-app/src/components/DoneRecipesCards.js": {"lines":{"total":19,"covered":0,"skipped":0,"pct":0},"functions":{"total":4,"covered":0,"skipped":0,"pct":0},"statements":{"total":19,"covered":0,"skipped":0,"pct":0},"branches":{"total":3,"covered":0,"skipped":0,"pct":0}}
,"/home/denner/Documentos/WebDevelopment/trybe-projects/project-recipes-app/sd-07-project-recipes-app/src/components/ExploreFoodIngredientCards.js": {"lines":{"total":16,"covered":0,"skipped":0,"pct":0},"functions":{"total":4,"covered":0,"skipped":0,"pct":0},"statements":{"total":16,"covered":0,"skipped":0,"pct":0},"branches":{"total":6,"covered":0,"skipped":0,"pct":0}}
,"/home/denner/Documentos/WebDevelopment/trybe-projects/project-recipes-app/sd-07-project-recipes-app/src/components/FavoriteRecipesCards.js": {"lines":{"total":20,"covered":0,"skipped":0,"pct":0},"functions":{"total":4,"covered":0,"skipped":0,"pct":0},"statements":{"total":20,"covered":0,"skipped":0,"pct":0},"branches":{"total":5,"covered":0,"skipped":0,"pct":0}}
,"/home/denner/Documentos/WebDevelopment/trybe-projects/project-recipes-app/sd-07-project-recipes-app/src/components/Footer.js": {"lines":{"total":1,"covered":0,"skipped":0,"pct":0},"functions":{"total":1,"covered":0,"skipped":0,"pct":0},"statements":{"total":1,"covered":0,"skipped":0,"pct":0},"branches":{"total":0,"covered":0,"skipped":0,"pct":100}}
,"/home/denner/Documentos/WebDevelopment/trybe-projects/project-recipes-app/sd-07-project-recipes-app/src/components/Header.js": {"lines":{"total":5,"covered":0,"skipped":0,"pct":0},"functions":{"total":2,"covered":0,"skipped":0,"pct":0},"statements":{"total":5,"covered":0,"skipped":0,"pct":0},"branches":{"total":2,"covered":0,"skipped":0,"pct":0}}
,"/home/denner/Documentos/WebDevelopment/trybe-projects/project-recipes-app/sd-07-project-recipes-app/src/components/HeaderNoSearch.js": {"lines":{"total":2,"covered":0,"skipped":0,"pct":0},"functions":{"total":1,"covered":0,"skipped":0,"pct":0},"statements":{"total":2,"covered":0,"skipped":0,"pct":0},"branches":{"total":0,"covered":0,"skipped":0,"pct":100}}
,"/home/denner/Documentos/WebDevelopment/trybe-projects/project-recipes-app/sd-07-project-recipes-app/src/components/HeaderSearchBar.js": {"lines":{"total":26,"covered":0,"skipped":0,"pct":0},"functions":{"total":9,"covered":0,"skipped":0,"pct":0},"statements":{"total":26,"covered":0,"skipped":0,"pct":0},"branches":{"total":7,"covered":0,"skipped":0,"pct":0}}
,"/home/denner/Documentos/WebDevelopment/trybe-projects/project-recipes-app/sd-07-project-recipes-app/src/components/MainCards.js": {"lines":{"total":2,"covered":0,"skipped":0,"pct":0},"functions":{"total":1,"covered":0,"skipped":0,"pct":0},"statements":{"total":2,"covered":0,"skipped":0,"pct":0},"branches":{"total":0,"covered":0,"skipped":0,"pct":100}}
,"/home/denner/Documentos/WebDevelopment/trybe-projects/project-recipes-app/sd-07-project-recipes-app/src/components/MainDrinkCards.js": {"lines":{"total":2,"covered":0,"skipped":0,"pct":0},"functions":{"total":1,"covered":0,"skipped":0,"pct":0},"statements":{"total":2,"covered":0,"skipped":0,"pct":0},"branches":{"total":0,"covered":0,"skipped":0,"pct":100}}
,"/home/denner/Documentos/WebDevelopment/trybe-projects/project-recipes-app/sd-07-project-recipes-app/src/components/RecipesInProgressCard.js": {"lines":{"total":14,"covered":0,"skipped":0,"pct":0},"functions":{"total":4,"covered":0,"skipped":0,"pct":0},"statements":{"total":14,"covered":0,"skipped":0,"pct":0},"branches":{"total":2,"covered":0,"skipped":0,"pct":0}}
,"/home/denner/Documentos/WebDevelopment/trybe-projects/project-recipes-app/sd-07-project-recipes-app/src/context/RecipesContext.js": {"lines":{"total":1,"covered":0,"skipped":0,"pct":0},"functions":{"total":0,"covered":0,"skipped":0,"pct":100},"statements":{"total":1,"covered":0,"skipped":0,"pct":0},"branches":{"total":0,"covered":0,"skipped":0,"pct":100}}
,"/home/denner/Documentos/WebDevelopment/trybe-projects/project-recipes-app/sd-07-project-recipes-app/src/context/RecipesProvider.js": {"lines":{"total":58,"covered":0,"skipped":0,"pct":0},"functions":{"total":20,"covered":0,"skipped":0,"pct":0},"statements":{"total":60,"covered":0,"skipped":0,"pct":0},"branches":{"total":8,"covered":0,"skipped":0,"pct":0}}
,"/home/denner/Documentos/WebDevelopment/trybe-projects/project-recipes-app/sd-07-project-recipes-app/src/pages/DoneRecipes.js": {"lines":{"total":20,"covered":0,"skipped":0,"pct":0},"functions":{"total":10,"covered":0,"skipped":0,"pct":0},"statements":{"total":22,"covered":0,"skipped":0,"pct":0},"branches":{"total":2,"covered":0,"skipped":0,"pct":0}}
,"/home/denner/Documentos/WebDevelopment/trybe-projects/project-recipes-app/sd-07-project-recipes-app/src/pages/DrinksDetails.js": {"lines":{"total":42,"covered":0,"skipped":0,"pct":0},"functions":{"total":9,"covered":0,"skipped":0,"pct":0},"statements":{"total":44,"covered":0,"skipped":0,"pct":0},"branches":{"total":6,"covered":0,"skipped":0,"pct":0}}
,"/home/denner/Documentos/WebDevelopment/trybe-projects/project-recipes-app/sd-07-project-recipes-app/src/pages/Explorer.js": {"lines":{"total":1,"covered":0,"skipped":0,"pct":0},"functions":{"total":1,"covered":0,"skipped":0,"pct":0},"statements":{"total":1,"covered":0,"skipped":0,"pct":0},"branches":{"total":0,"covered":0,"skipped":0,"pct":100}}
,"/home/denner/Documentos/WebDevelopment/trybe-projects/project-recipes-app/sd-07-project-recipes-app/src/pages/ExplorerDrinks.js": {"lines":{"total":5,"covered":0,"skipped":0,"pct":0},"functions":{"total":3,"covered":0,"skipped":0,"pct":0},"statements":{"total":5,"covered":0,"skipped":0,"pct":0},"branches":{"total":0,"covered":0,"skipped":0,"pct":100}}
,"/home/denner/Documentos/WebDevelopment/trybe-projects/project-recipes-app/sd-07-project-recipes-app/src/pages/ExplorerDrinksIngredients.js": {"lines":{"total":14,"covered":0,"skipped":0,"pct":0},"functions":{"total":5,"covered":0,"skipped":0,"pct":0},"statements":{"total":14,"covered":0,"skipped":0,"pct":0},"branches":{"total":2,"covered":0,"skipped":0,"pct":0}}
,"/home/denner/Documentos/WebDevelopment/trybe-projects/project-recipes-app/sd-07-project-recipes-app/src/pages/ExplorerFood.js": {"lines":{"total":5,"covered":0,"skipped":0,"pct":0},"functions":{"total":3,"covered":0,"skipped":0,"pct":0},"statements":{"total":5,"covered":0,"skipped":0,"pct":0},"branches":{"total":0,"covered":0,"skipped":0,"pct":100}}
,"/home/denner/Documentos/WebDevelopment/trybe-projects/project-recipes-app/sd-07-project-recipes-app/src/pages/ExplorerFoodArea.js": {"lines":{"total":43,"covered":0,"skipped":0,"pct":0},"functions":{"total":16,"covered":0,"skipped":0,"pct":0},"statements":{"total":44,"covered":0,"skipped":0,"pct":0},"branches":{"total":12,"covered":0,"skipped":0,"pct":0}}
,"/home/denner/Documentos/WebDevelopment/trybe-projects/project-recipes-app/sd-07-project-recipes-app/src/pages/ExplorerFoodIngredients.js": {"lines":{"total":14,"covered":0,"skipped":0,"pct":0},"functions":{"total":5,"covered":0,"skipped":0,"pct":0},"statements":{"total":14,"covered":0,"skipped":0,"pct":0},"branches":{"total":2,"covered":0,"skipped":0,"pct":0}}
,"/home/denner/Documentos/WebDevelopment/trybe-projects/project-recipes-app/sd-07-project-recipes-app/src/pages/FavoriteRecipes.js": {"lines":{"total":26,"covered":0,"skipped":0,"pct":0},"functions":{"total":12,"covered":0,"skipped":0,"pct":0},"statements":{"total":29,"covered":0,"skipped":0,"pct":0},"branches":{"total":2,"covered":0,"skipped":0,"pct":0}}
,"/home/denner/Documentos/WebDevelopment/trybe-projects/project-recipes-app/sd-07-project-recipes-app/src/pages/Login.js": {"lines":{"total":26,"covered":0,"skipped":0,"pct":0},"functions":{"total":8,"covered":0,"skipped":0,"pct":0},"statements":{"total":26,"covered":0,"skipped":0,"pct":0},"branches":{"total":4,"covered":0,"skipped":0,"pct":0}}
,"/home/denner/Documentos/WebDevelopment/trybe-projects/project-recipes-app/sd-07-project-recipes-app/src/pages/MainDrinks.js": {"lines":{"total":48,"covered":0,"skipped":0,"pct":0},"functions":{"total":17,"covered":0,"skipped":0,"pct":0},"statements":{"total":48,"covered":0,"skipped":0,"pct":0},"branches":{"total":12,"covered":0,"skipped":0,"pct":0}}
,"/home/denner/Documentos/WebDevelopment/trybe-projects/project-recipes-app/sd-07-project-recipes-app/src/pages/MainRecipes.js": {"lines":{"total":48,"covered":0,"skipped":0,"pct":0},"functions":{"total":17,"covered":0,"skipped":0,"pct":0},"statements":{"total":48,"covered":0,"skipped":0,"pct":0},"branches":{"total":12,"covered":0,"skipped":0,"pct":0}}
,"/home/denner/Documentos/WebDevelopment/trybe-projects/project-recipes-app/sd-07-project-recipes-app/src/pages/NotFound.js": {"lines":{"total":1,"covered":0,"skipped":0,"pct":0},"functions":{"total":1,"covered":0,"skipped":0,"pct":0},"statements":{"total":1,"covered":0,"skipped":0,"pct":0},"branches":{"total":0,"covered":0,"skipped":0,"pct":100}}
,"/home/denner/Documentos/WebDevelopment/trybe-projects/project-recipes-app/sd-07-project-recipes-app/src/pages/Profile.js": {"lines":{"total":2,"covered":0,"skipped":0,"pct":0},"functions":{"total":1,"covered":0,"skipped":0,"pct":0},"statements":{"total":2,"covered":0,"skipped":0,"pct":0},"branches":{"total":0,"covered":0,"skipped":0,"pct":100}}
,"/home/denner/Documentos/WebDevelopment/trybe-projects/project-recipes-app/sd-07-project-recipes-app/src/pages/RecipesDetails.js": {"lines":{"total":42,"covered":0,"skipped":0,"pct":0},"functions":{"total":9,"covered":0,"skipped":0,"pct":0},"statements":{"total":44,"covered":0,"skipped":0,"pct":0},"branches":{"total":6,"covered":0,"skipped":0,"pct":0}}
,"/home/denner/Documentos/WebDevelopment/trybe-projects/project-recipes-app/sd-07-project-recipes-app/src/pages/RecipesInProgress.js": {"lines":{"total":32,"covered":0,"skipped":0,"pct":0},"functions":{"total":9,"covered":0,"skipped":0,"pct":0},"statements":{"total":33,"covered":0,"skipped":0,"pct":0},"branches":{"total":12,"covered":0,"skipped":0,"pct":0}}
,"/home/denner/Documentos/WebDevelopment/trybe-projects/project-recipes-app/sd-07-project-recipes-app/src/services/apiFunctions.js": {"lines":{"total":0,"covered":0,"skipped":0,"pct":100},"functions":{"total":0,"covered":0,"skipped":0,"pct":100},"statements":{"total":0,"covered":0,"skipped":0,"pct":100},"branches":{"total":0,"covered":0,"skipped":0,"pct":100}}
,"/home/denner/Documentos/WebDevelopment/trybe-projects/project-recipes-app/sd-07-project-recipes-app/src/services/drinkApiFunctions.js": {"lines":{"total":36,"covered":0,"skipped":0,"pct":0},"functions":{"total":9,"covered":0,"skipped":0,"pct":0},"statements":{"total":36,"covered":0,"skipped":0,"pct":0},"branches":{"total":0,"covered":0,"skipped":0,"pct":100}}
,"/home/denner/Documentos/WebDevelopment/trybe-projects/project-recipes-app/sd-07-project-recipes-app/src/services/foodApiFunctions.js": {"lines":{"total":44,"covered":0,"skipped":0,"pct":0},"functions":{"total":11,"covered":0,"skipped":0,"pct":0},"statements":{"total":44,"covered":0,"skipped":0,"pct":0},"branches":{"total":0,"covered":0,"skipped":0,"pct":100}}
,"/home/denner/Documentos/WebDevelopment/trybe-projects/project-recipes-app/sd-07-project-recipes-app/src/services/localStorageFunctions.js": {"lines":{"total":23,"covered":0,"skipped":0,"pct":0},"functions":{"total":8,"covered":0,"skipped":0,"pct":0},"statements":{"total":23,"covered":0,"skipped":0,"pct":0},"branches":{"total":8,"covered":0,"skipped":0,"pct":0}}
}
